<?xml version="1.0" encoding="UTF-8"?>
<!-- Generated by org.testng.reporters.JUnitXMLReporter -->
<testsuite hostname="tnamb" ignored="3" name="Test" tests="4" failures="1" timestamp="2021-04-22T15:37:28 IST" time="54.519" errors="0">
  <testcase name="search" time="11.89" classname="com.amazon.testPages.AmazonSearch"/>
  <testcase name="ProductPage" time="32.921" classname="com.amazon.testPages.AmazonProductPage"/>
  <testcase name="Cart" time="4.237" classname="com.amazon.testPages.AmazonCart">
    <failure type="java.lang.AssertionError" message="expected [Sony Bravia 164 cm (65 inches) 4K Ultra ] but found [Sony Bravia 164 cm 4K Ultra HD Smart Cer]">
      <![CDATA[java.lang.AssertionError: expected [Sony Bravia 164 cm (65 inches) 4K Ultra ] but found [Sony Bravia 164 cm 4K Ultra HD Smart Cer]
at com.amazon.testPages.AmazonCart.Cart(AmazonCart.java:35)
at java.util.ArrayList.forEach(Unknown Source)
... Removed 33 stack frames]]>
    </failure>
  </testcase> <!-- Cart -->
  <testcase name="logout" time="5.408" classname="com.amazon.testPages.AmazonLogout"/>
  <testcase name="@BeforeSuite setup" time="0.0" classname="com.amazon.testBase.AmazonBase">
    <ignored/>
  </testcase> <!-- @BeforeSuite setup -->
  <testcase name="@BeforeSuite setup" time="0.0" classname="com.amazon.testBase.AmazonBase">
    <ignored/>
  </testcase> <!-- @BeforeSuite setup -->
  <testcase name="@BeforeSuite setup" time="0.0" classname="com.amazon.testBase.AmazonBase">
    <ignored/>
  </testcase> <!-- @BeforeSuite setup -->
</testsuite> <!-- Test -->
